<?xml version="1.0" encoding="UTF-8"?>
<testsuite xmlns:xsi="http://www.w3.org/2001/XMLSchema-instance" xsi:noNamespaceSchemaLocation="https://maven.apache.org/surefire/maven-surefire-plugin/xsd/surefire-test-report.xsd" name="testRunners.TestngRunner" time="11.265" tests="3" errors="0" skipped="2" failures="1">
  <properties>
[...]
</properties>
  <testcase name="runScenario" classname="testRunners.TestngRunner" time="0">
    <skipped message="got: &lt;false&gt;, expected: is &lt;true&gt;"/>
    <system-out><![CDATA[
@StoreDashboard
Scenario: Verify the store dashboard page                                                                            # src/test/resources/com/features/StoreDashboard.feature:11

@searchByValidKeyword @skip
Scenario Outline: search with exact match keywords                                                                   # src/test/resources/com/features/Searchpage.feature:15

@searchByValidKeyword @skip
Scenario Outline: search with exact match keywords                                                                   # src/test/resources/com/features/Searchpage.feature:16
SKIPPED SCENARIO:search with exact match keywords
SKIPPED SCENARIO:search with exact match keywords
      org.junit.AssumptionViolatedException: got: <false>, expected: is <true>
	at org.junit.Assume.assumeThat(Assume.java:106)
	at org.junit.Assume.assumeTrue(Assume.java:50)
	at applicationHooks.ApplicationHooks.skip_scenario(ApplicationHooks.java:28)

      org.junit.AssumptionViolatedException: got: <false>, expected: is <true>
	at org.junit.Assume.assumeThat(Assume.java:106)
	at org.junit.Assume.assumeTrue(Assume.java:50)
	at applicationHooks.ApplicationHooks.skip_scenario(ApplicationHooks.java:28)

  Given user on store manager page "https://store-manager-web-qa.azurewebsites.net/" link                            # stepDefination.SearchBoxSteps.user_on_store_manager_page_link(java.lang.String)
  When user enter the credentail for login by Username as "amahadevaswamy@qwinix.io" and Password as "Parinith@0604" # stepDefination.SearchBoxSteps.user_enter_the_credentail_for_login_by_username_as_and_password_as(java.lang.String,java.lang.String)
  When user selected "Walgreen" option                                                                               # stepDefination.SearchBoxSteps.user_selected_option(java.lang.String)
  When user click on search box and enter "141" keyword                                                              # stepDefination.SearchBoxSteps.user_click_on_search_box_and_enter_keyword(java.lang.String)
  Then validate the outcomes is as per search result                                                                 # stepDefination.SearchBoxSteps.validate_the_outcomes_is_as_per_search_result()
  Given user on store manager page "https://store-manager-web-qa.azurewebsites.net/" link                            # stepDefination.SearchBoxSteps.user_on_store_manager_page_link(java.lang.String)
  When user enter the credentail for login by Username as "amahadevaswamy@qwinix.io" and Password as "Parinith@0604" # stepDefination.SearchBoxSteps.user_enter_the_credentail_for_login_by_username_as_and_password_as(java.lang.String,java.lang.String)
  When user selected "Walmart" option                                                                                # stepDefination.SearchBoxSteps.user_selected_option(java.lang.String)
  When user click on search box and enter "1410" keyword                                                             # stepDefination.SearchBoxSteps.user_click_on_search_box_and_enter_keyword(java.lang.String)
  Then validate the outcomes is as per search result                                                                 # stepDefination.SearchBoxSteps.validate_the_outcomes_is_as_per_search_result()
]]></system-out>
    <system-err><![CDATA[SLF4J: Failed to load class "org.slf4j.impl.StaticLoggerBinder".
SLF4J: Defaulting to no-operation (NOP) logger implementation
SLF4J: See http://www.slf4j.org/codes.html#StaticLoggerBinder for further details.
Starting ChromeDriver 91.0.4472.101 (af52a90bf87030dd1523486a1cd3ae25c5d76c9b-refs/branch-heads/4472@{#1462}) on port 25222
Only local connections are allowed.
Please see https://chromedriver.chromium.org/security-considerations for suggestions on keeping ChromeDriver safe.
ChromeDriver was started successfully.
Starting ChromeDriver 91.0.4472.101 (af52a90bf87030dd1523486a1cd3ae25c5d76c9b-refs/branch-heads/4472@{#1462}) on port 45618
Only local connections are allowed.
Please see https://chromedriver.chromium.org/security-considerations for suggestions on keeping ChromeDriver safe.
ChromeDriver was started successfully.
Starting ChromeDriver 91.0.4472.101 (af52a90bf87030dd1523486a1cd3ae25c5d76c9b-refs/branch-heads/4472@{#1462}) on port 26660
Only local connections are allowed.
Please see https://chromedriver.chromium.org/security-considerations for suggestions on keeping ChromeDriver safe.
ChromeDriver was started successfully.
Jun 29, 2021 1:14:38 PM org.openqa.selenium.remote.ProtocolHandshake createSession
INFO: Detected dialect: W3C
Jun 29, 2021 1:14:38 PM org.openqa.selenium.remote.ProtocolHandshake createSession
INFO: Detected dialect: W3C
Jun 29, 2021 1:14:38 PM org.openqa.selenium.remote.ProtocolHandshake createSession
INFO: Detected dialect: W3C
]]></system-err>
  </testcase>
  <testcase name="runScenario" classname="testRunners.TestngRunner" time="0">
    <skipped message="got: &lt;false&gt;, expected: is &lt;true&gt;"/>
  </testcase>
  <testcase name="runScenario" classname="testRunners.TestngRunner" time="7.518">
    <failure message="no such window: target window already closed&#10;from unknown error: web view not found&#10;  (Session info: chrome=91.0.4472.124)&#10;Build info: version: &apos;3.141.59&apos;, revision: &apos;e82be7d358&apos;, time: &apos;2018-11-14T08:17:03&apos;&#10;System info: host: &apos;DESKTOP-VFTDAVM&apos;, ip: &apos;192.168.0.103&apos;, os.name: &apos;Windows 10&apos;, os.arch: &apos;amd64&apos;, os.version: &apos;10.0&apos;, java.version: &apos;11.0.10&apos;&#10;Driver info: org.openqa.selenium.chrome.ChromeDriver&#10;Capabilities {acceptInsecureCerts: false, browserName: chrome, browserVersion: 91.0.4472.124, chrome: {chromedriverVersion: 91.0.4472.101 (af52a90bf870..., userDataDir: C:\Users\ARCHAN~1\AppData\L...}, goog:chromeOptions: {debuggerAddress: localhost:55285}, javascriptEnabled: true, networkConnectionEnabled: false, pageLoadStrategy: normal, platform: WINDOWS, platformName: WINDOWS, proxy: Proxy(), setWindowRect: true, strictFileInteractability: false, timeouts: {implicit: 0, pageLoad: 300000, script: 30000}, unhandledPromptBehavior: dismiss and notify, webauthn:extension:largeBlob: true, webauthn:virtualAuthenticators: true}&#10;Session ID: 08947256cceae689be1efe56fdebb7bd" type="org.openqa.selenium.NoSuchWindowException">org.openqa.selenium.NoSuchWindowException: 
no such window: target window already closed
from unknown error: web view not found
  (Session info: chrome=91.0.4472.124)
Build info: version: '3.141.59', revision: 'e82be7d358', time: '2018-11-14T08:17:03'
System info: host: 'DESKTOP-VFTDAVM', ip: '192.168.0.103', os.name: 'Windows 10', os.arch: 'amd64', os.version: '10.0', java.version: '11.0.10'
Driver info: org.openqa.selenium.chrome.ChromeDriver
Capabilities {acceptInsecureCerts: false, browserName: chrome, browserVersion: 91.0.4472.124, chrome: {chromedriverVersion: 91.0.4472.101 (af52a90bf870..., userDataDir: C:\Users\ARCHAN~1\AppData\L...}, goog:chromeOptions: {debuggerAddress: localhost:55285}, javascriptEnabled: true, networkConnectionEnabled: false, pageLoadStrategy: normal, platform: WINDOWS, platformName: WINDOWS, proxy: Proxy(), setWindowRect: true, strictFileInteractability: false, timeouts: {implicit: 0, pageLoad: 300000, script: 30000}, unhandledPromptBehavior: dismiss and notify, webauthn:extension:largeBlob: true, webauthn:virtualAuthenticators: true}
Session ID: 08947256cceae689be1efe56fdebb7bd
</failure>
    <system-out><![CDATA[  Given user on store manager page "https://store-manager-web-qa.azurewebsites.net/" link                            # stepDefination.SearchBoxSteps.user_on_store_manager_page_link(java.lang.String)
      org.openqa.selenium.NoSuchWindowException: no such window: target window already closed
from unknown error: web view not found
  (Session info: chrome=91.0.4472.124)
Build info: version: '3.141.59', revision: 'e82be7d358', time: '2018-11-14T08:17:03'
System info: host: 'DESKTOP-VFTDAVM', ip: '192.168.0.103', os.name: 'Windows 10', os.arch: 'amd64', os.version: '10.0', java.version: '11.0.10'
Driver info: org.openqa.selenium.chrome.ChromeDriver
Capabilities {acceptInsecureCerts: false, browserName: chrome, browserVersion: 91.0.4472.124, chrome: {chromedriverVersion: 91.0.4472.101 (af52a90bf870..., userDataDir: C:\Users\ARCHAN~1\AppData\L...}, goog:chromeOptions: {debuggerAddress: localhost:55285}, javascriptEnabled: true, networkConnectionEnabled: false, pageLoadStrategy: normal, platform: WINDOWS, platformName: WINDOWS, proxy: Proxy(), setWindowRect: true, strictFileInteractability: false, timeouts: {implicit: 0, pageLoad: 300000, script: 30000}, unhandledPromptBehavior: dismiss and notify, webauthn:extension:largeBlob: true, webauthn:virtualAuthenticators: true}
Session ID: 08947256cceae689be1efe56fdebb7bd
	at java.base/jdk.internal.reflect.NativeConstructorAccessorImpl.newInstance0(Native Method)
	at java.base/jdk.internal.reflect.NativeConstructorAccessorImpl.newInstance(NativeConstructorAccessorImpl.java:62)
	at java.base/jdk.internal.reflect.DelegatingConstructorAccessorImpl.newInstance(DelegatingConstructorAccessorImpl.java:45)
	at java.base/java.lang.reflect.Constructor.newInstance(Constructor.java:490)
	at org.openqa.selenium.remote.http.W3CHttpResponseCodec.createException(W3CHttpResponseCodec.java:187)
	at org.openqa.selenium.remote.http.W3CHttpResponseCodec.decode(W3CHttpResponseCodec.java:122)
	at org.openqa.selenium.remote.http.W3CHttpResponseCodec.decode(W3CHttpResponseCodec.java:49)
	at org.openqa.selenium.remote.HttpCommandExecutor.execute(HttpCommandExecutor.java:158)
	at org.openqa.selenium.remote.service.DriverCommandExecutor.execute(DriverCommandExecutor.java:83)
	at org.openqa.selenium.remote.RemoteWebDriver.execute(RemoteWebDriver.java:552)
	at org.openqa.selenium.remote.RemoteWebDriver.execute(RemoteWebDriver.java:609)
	at org.openqa.selenium.remote.RemoteWebDriver.getScreenshotAs(RemoteWebDriver.java:295)
	at applicationHooks.ApplicationHooks.addScreenshot(ApplicationHooks.java:65)

  When user enter the credentail for login by Username as "amahadevaswamy@qwinix.io" and Password as "Parinith@0604" # stepDefination.SearchBoxSteps.user_enter_the_credentail_for_login_by_username_as_and_password_as(java.lang.String,java.lang.String)
  When user selected "Walmart" option                                                                                # stepDefination.SearchBoxSteps.user_selected_option(java.lang.String)
  When user click on search box and enter "1410" keyword                                                             # stepDefination.SearchBoxSteps.user_click_on_search_box_and_enter_keyword(java.lang.String)
  Given user on store dashboard                                                                                      # stepDefination.StoreDashboard.user_on_store_dashboard()
  When user get the option                                                                                           # stepDefination.StoreDashboard.user_get_the(io.cucumber.datatable.DataTable)
  Then verify for "Store Hours" link                                                                                 # stepDefination.StoreDashboard.verify_for_link(java.lang.String)
  And verify for "Store Details" link                                                                                # stepDefination.StoreDashboard.verify_for_link(java.lang.String)
  And verify for "Smart Screen Information" link                                                                     # stepDefination.StoreDashboard.verify_for_link(java.lang.String)
      org.openqa.selenium.NoSuchWindowException: no such window: target window already closed
from unknown error: web view not found
  (Session info: chrome=91.0.4472.124)
Build info: version: '3.141.59', revision: 'e82be7d358', time: '2018-11-14T08:17:03'
System info: host: 'DESKTOP-VFTDAVM', ip: '192.168.0.103', os.name: 'Windows 10', os.arch: 'amd64', os.version: '10.0', java.version: '11.0.10'
Driver info: org.openqa.selenium.chrome.ChromeDriver
Capabilities {acceptInsecureCerts: false, browserName: chrome, browserVersion: 91.0.4472.124, chrome: {chromedriverVersion: 91.0.4472.101 (af52a90bf870..., userDataDir: C:\Users\ARCHAN~1\AppData\L...}, goog:chromeOptions: {debuggerAddress: localhost:55285}, javascriptEnabled: true, networkConnectionEnabled: false, pageLoadStrategy: normal, platform: WINDOWS, platformName: WINDOWS, proxy: Proxy(), setWindowRect: true, strictFileInteractability: false, timeouts: {implicit: 0, pageLoad: 300000, script: 30000}, unhandledPromptBehavior: dismiss and notify, webauthn:extension:largeBlob: true, webauthn:virtualAuthenticators: true}
Session ID: 08947256cceae689be1efe56fdebb7bd
	at java.base/jdk.internal.reflect.NativeConstructorAccessorImpl.newInstance0(Native Method)
	at java.base/jdk.internal.reflect.NativeConstructorAccessorImpl.newInstance(NativeConstructorAccessorImpl.java:62)
	at java.base/jdk.internal.reflect.DelegatingConstructorAccessorImpl.newInstance(DelegatingConstructorAccessorImpl.java:45)
	at java.base/java.lang.reflect.Constructor.newInstance(Constructor.java:490)
	at org.openqa.selenium.remote.http.W3CHttpResponseCodec.createException(W3CHttpResponseCodec.java:187)
	at org.openqa.selenium.remote.http.W3CHttpResponseCodec.decode(W3CHttpResponseCodec.java:122)
	at org.openqa.selenium.remote.http.W3CHttpResponseCodec.decode(W3CHttpResponseCodec.java:49)
	at org.openqa.selenium.remote.HttpCommandExecutor.execute(HttpCommandExecutor.java:158)
	at org.openqa.selenium.remote.service.DriverCommandExecutor.execute(DriverCommandExecutor.java:83)
	at org.openqa.selenium.remote.RemoteWebDriver.execute(RemoteWebDriver.java:552)
	at org.openqa.selenium.remote.RemoteWebDriver.execute(RemoteWebDriver.java:609)
	at org.openqa.selenium.remote.RemoteWebDriver.getScreenshotAs(RemoteWebDriver.java:295)
	at applicationHooks.ApplicationHooks.teardown(ApplicationHooks.java:55)

]]></system-out>
  </testcase>
</testsuite>